[23:44:34] [main/INFO]: Using mbed TLS based native cipher.
[23:44:34] [main/INFO]: Using zlib based native compressor.
[23:44:34] [main/INFO]: Enabled Waterfall version git:Waterfall-Bootstrap:1.19-R0.1-SNAPSHOT:f6069e2:513
[23:44:34] [main/INFO]: Not on Windows, attempting to use enhanced EpollEventLoop
[23:44:34] [main/INFO]: Epoll is working, utilising it!
[23:44:34] [main/INFO]: Discovered module: ModuleSpec(name=cmd_alert, file=modules/cmd_alert.jar, provider=JenkinsModuleSource())
[23:44:34] [main/INFO]: Discovered module: ModuleSpec(name=cmd_find, file=modules/cmd_find.jar, provider=JenkinsModuleSource())
[23:44:34] [main/INFO]: Discovered module: ModuleSpec(name=cmd_list, file=modules/cmd_list.jar, provider=JenkinsModuleSource())
[23:44:34] [main/INFO]: Discovered module: ModuleSpec(name=cmd_send, file=modules/cmd_send.jar, provider=JenkinsModuleSource())
[23:44:34] [main/INFO]: Discovered module: ModuleSpec(name=cmd_server, file=modules/cmd_server.jar, provider=JenkinsModuleSource())
[23:44:34] [main/INFO]: Discovered module: ModuleSpec(name=reconnect_yaml, file=modules/reconnect_yaml.jar, provider=JenkinsModuleSource())
[23:44:34] [main/INFO]: Loaded plugin reconnect_yaml version git:reconnect_yaml:1.19-R0.1-SNAPSHOT:f6069e2:513 by WaterfallMC
[23:44:34] [main/INFO]: Loaded plugin cmd_find version git:cmd_find:1.19-R0.1-SNAPSHOT:f6069e2:513 by WaterfallMC
[23:44:34] [main/INFO]: Loaded plugin cmd_server version git:cmd_server:1.19-R0.1-SNAPSHOT:f6069e2:513 by WaterfallMC
[23:44:34] [main/INFO]: Loaded plugin cmd_alert version git:cmd_alert:1.19-R0.1-SNAPSHOT:f6069e2:513 by WaterfallMC
[23:44:34] [main/INFO]: Loaded plugin cmd_send version git:cmd_send:1.19-R0.1-SNAPSHOT:f6069e2:513 by WaterfallMC
[23:44:34] [main/INFO]: Loaded plugin cmd_list version git:cmd_list:1.19-R0.1-SNAPSHOT:f6069e2:513 by WaterfallMC
[23:44:34] [main/WARN]: :>:>:>:>:>:>:>:>:>:>:>:>:>:>:>:>:>:>:>:>:>:>:>
[23:44:34] [main/WARN]: :>  
[23:44:34] [main/WARN]: :>      EAGLERCRAFTXBUNGEE WARNING:
[23:44:34] [main/WARN]: :>  
[23:44:34] [main/WARN]: :>  This plugin wasn't tested to be 'working'
[23:44:34] [main/WARN]: :>  with ANY version of BungeeCord (and forks)
[23:44:34] [main/WARN]: :>  apart from the versions listed below:
[23:44:34] [main/WARN]: :>  
[23:44:34] [main/WARN]: :>  - BungeeCord: 1.20-R0.3-SNAPSHOT:eda268b:1797
[23:44:34] [main/WARN]: :>  - Waterfall: 1.20-R0.2-SNAPSHOT:92b5149:562
[23:44:34] [main/WARN]: :>  - FlameCord: 1.1.1
[23:44:34] [main/WARN]: :>  
[23:44:34] [main/WARN]: :>  This is not a Bukkit/Spigot plugin!
[23:44:34] [main/WARN]: :>  
[23:44:34] [main/WARN]: :>  Use "-Deaglerxbungee.stfu=true" to hide
[23:44:34] [main/WARN]: :>  
[23:44:34] [main/WARN]: :>:>:>:>:>:>:>:>:>:>:>:>:>:>:>:>:>:>:>:>:>:>:>
[23:44:34] [main/INFO] [EaglercraftXBungee]: Loading vanilla profile: lax1dude
[23:44:35] [Skin Download Thread #1/INFO] [EaglercraftXBungee]: Loaded vanilla profile: lax1dude
[23:44:35] [main/INFO]: Loaded plugin EaglercraftXBungee version 1.0.10 by lax1dude
[23:44:35] [main/WARN]: Forced host server pvp is not defined
[23:44:35] [main/INFO]: Enabled plugin reconnect_yaml version git:reconnect_yaml:1.19-R0.1-SNAPSHOT:f6069e2:513 by WaterfallMC
[23:44:35] [main/INFO]: Enabled plugin cmd_find version git:cmd_find:1.19-R0.1-SNAPSHOT:f6069e2:513 by WaterfallMC
[23:44:35] [main/INFO]: Enabled plugin cmd_server version git:cmd_server:1.19-R0.1-SNAPSHOT:f6069e2:513 by WaterfallMC
[23:44:35] [main/INFO]: Enabled plugin cmd_alert version git:cmd_alert:1.19-R0.1-SNAPSHOT:f6069e2:513 by WaterfallMC
[23:44:35] [main/INFO]: Enabled plugin cmd_send version git:cmd_send:1.19-R0.1-SNAPSHOT:f6069e2:513 by WaterfallMC
[23:44:35] [main/INFO]: Enabled plugin cmd_list version git:cmd_list:1.19-R0.1-SNAPSHOT:f6069e2:513 by WaterfallMC
[23:44:35] [main/ERROR] [EaglercraftXBungee]: Online mode is set to false! Authentication system has been disabled
[23:44:35] [Netty Worker IO Thread #0/INFO] [EaglercraftXBungee]: Eaglercraft is listening on: /0.0.0.0:8081
[23:44:36] [EaglerXBungee: Network Tick Tasks/INFO] [EaglercraftXBungee]: Loaded certificate: /workspaces/server-test/bungee/plugins/EaglercraftXBungee/eagcert/$dl.11da5ec1e9d8efe3fa0e9998b0c264f5c8cb155f.cert
[23:44:36] [main/INFO] [EaglercraftXBungee]: Connected to database: jdbc:sqlite:eaglercraft_skins_cache.db
[23:44:36] [main/INFO]: Enabled plugin EaglercraftXBungee version 1.0.10 by lax1dude
[23:44:36] [Netty Boss IO Thread #0/INFO]: Listening on /127.0.0.1:25577
[23:47:17] [Netty Worker IO Thread #1/WARN] [EaglercraftXBungee]: Server icon is not a file: /workspaces/server-test/bungee/server-icon.png
[23:47:45] [Netty Worker IO Thread #2/INFO] [EaglercraftXBungee]: [/[0:0:0:0:0:0:0:1%0]:43646]: Connected via websocket
[23:47:45] [Netty Worker IO Thread #2/INFO] [EaglercraftXBungee]: [/[0:0:0:0:0:0:0:1%0]:43646]: Origin header is https://eaglercraftx.pages.dev
[23:47:45] [Netty Worker IO Thread #2/INFO] [EaglercraftXBungee]: [/[0:0:0:0:0:0:0:1%0]:43646]: Logged in as 'S1DDYW1DDY'
[23:47:45] [Netty Worker IO Thread #2/INFO]: [/[0:0:0:0:0:0:0:1%0]:43646|S1DDYW1DDY] -> UpstreamBridge has connected
[23:47:45] [Netty Worker IO Thread #2/INFO]: [S1DDYW1DDY|/[0:0:0:0:0:0:0:1%0]:43646] <-> ServerConnector [lobby] has connected
[23:50:59] [Netty Worker IO Thread #2/INFO]: [/[0:0:0:0:0:0:0:1%0]:43646|S1DDYW1DDY] -> UpstreamBridge has disconnected
[23:50:59] [Netty Worker IO Thread #2/INFO]: [S1DDYW1DDY] disconnected with: Proxy lost connection to server.
[23:50:59] [Netty Worker IO Thread #2/INFO]: [/[0:0:0:0:0:0:0:1%0]:43646|S1DDYW1DDY] <-> DownstreamBridge <-> [lobby] has disconnected
